build/app/outputs/mapping/release/seeds.txt
com.thefluttercommunity.flutter_movie.MainActivity: MainActivity()
com.thefluttercommunity.flutter_movie.MainActivity
...
com.pichillilorenzo.flutter_inappwebview.in_app_browser.InAppBrowserActivity: void close(io.flutter.plugin.common.MethodChannel$Result)
com.pichillilorenzo.flutter_inappwebview.in_app_webview.InAppWebViewOptions: java.util.Map rendererPriorityPolicy
com.pichillilorenzo.flutter_inappwebview.R$id: int multiply
com.pichillilorenzo.flutter_inappwebview.chrome_custom_tabs.ChromeCustomTabsActivity: androidx.browser.customtabs.CustomTabsSession customTabsSession
com.pichillilorenzo.flutter_inappwebview.in_app_webview.InAppWebViewChromeClient: boolean onShowFileChooser(android.webkit.WebView,android.webkit.ValueCallback,android.webkit.WebChromeClient$FileChooserParams)
androidx.appcompat.widget.Toolbar: androidx.appcompat.widget.ActionMenuPresenter getOuterActionMenuPresenter()
androidx.appcompat.widget.AppCompatEditText: android.text.Editable getText()
androidx.appcompat.widget.ActionBarOverlayLayout: void setActionBarVisibilityCallback(androidx.appcompat.widget.ActionBarOverlayLayout$ActionBarVisibilityCallback)
com.pichillilorenzo.flutter_inappwebview.types.UserContentController: java.lang.String generateCodeForScriptEvaluation(java.lang.String,com.pichillilorenzo.flutter_inappwebview.types.ContentWorld)
com.pichillilorenzo.flutter_inappwebview.types.HttpAuthenticationChallenge: int hashCode()
com.pichillilorenzo.flutter_inappwebview.InAppWebViewStatic$2: com.pichillilorenzo.flutter_inappwebview.InAppWebViewStatic this$0
com.pichillilorenzo.flutter_inappwebview.credential_database.CredentialDatabase: java.lang.String DATABASE_NAME
com.pichillilorenzo.flutter_inappwebview.R$attr: int textAppearanceListItemSmall
androidx.appcompat.app.AppCompatActivity: androidx.appcompat.app.AppCompatDelegate mDelegate
com.pichillilorenzo.flutter_inappwebview.types.URLCredential: java.lang.String getPassword()
com.pichillilorenzo.flutter_inappwebview.in_app_webview.FlutterWebView: com.pichillilorenzo.flutter_inappwebview.InAppWebViewMethodHandler methodCallDelegate
org.chromium.support_lib_boundary.WebkitToCompatConverterBoundaryInterface: java.lang.reflect.InvocationHandler convertSettings(android.webkit.WebSettings)
androidx.appcompat.widget.ActionBarContainer: void setTransitioning(boolean)
androidx.core.widget.NestedScrollView: NestedScrollView(android.content.Context,android.util.AttributeSet)
com.pichillilorenzo.flutter_inappwebview.in_app_webview.InAppWebViewClient$1: void error(java.lang.String,java.lang.String,java.lang.Object)
com.pichillilorenzo.flutter_inappwebview.R$styleable: int AppCompatTheme_actionOverflowMenuStyle
com.pichillilorenzo.flutter_inappwebview.types.UserContentController$3
com.pichillilorenzo.flutter_inappwebview.in_app_webview.InAppWebViewChromeClient$9
io.flutter.embedding.engine.FlutterJNI: void detachFromNativeAndReleaseResources()
com.pichillilorenzo.flutter_inappwebview.in_app_webview.InAppWebViewRenderProcessClient$2: void notImplemented()
com.pichillilorenzo.flutter_inappwebview.Util: okhttp3.OkHttpClient getUnsafeOkHttpClient()
com.pichillilorenzo.flutter_inappwebview.R$style: int Widget_Compat_NotificationActionText
com.pichillilorenzo.flutter_inappwebview.R$styleable: int FontFamilyFont_ttcIndex
com.pichillilorenzo.flutter_inappwebview.in_app_webview.InAppWebViewChromeClient: boolean onJsPrompt(android.webkit.WebView,java.lang.String,java.lang.String,java.lang.String,android.webkit.JsPromptResult)
com.pichillilorenzo.flutter_inappwebview.in_app_webview.InAppWebViewOptions: java.lang.Boolean useShouldInterceptRequest
com.pichillilorenzo.flutter_inappwebview.R$style: int Base_Theme_AppCompat_Light_DarkActionBar
com.pichillilorenzo.flutter_inappwebview.types.URLProtectionSpace: java.lang.Long getId()
androidx.lifecycle.Lifecycle$Event: androidx.lifecycle.Lifecycle$Event[] values()
com.pichillilorenzo.flutter_inappwebview.in_app_webview.InAppWebViewOptions$1: int[] $SwitchMap$android$webkit$WebSettings$LayoutAlgorithm