build/app/outputs/mapping/release/mapping.txt
# compiler: R8
# compiler_version: 2.1.62
# min_api: 21
# pg_map_id: b4d55bb
# common_typos_disable
...
androidx.core.view.WindowInsetsCompat$Impl21 -> b.e.j.z$f:
    androidx.core.graphics.Insets mStableInsets -> d
    androidx.core.view.WindowInsetsCompat consumeStableInsets() -> b
    androidx.core.view.WindowInsetsCompat consumeSystemWindowInsets() -> c
    androidx.core.graphics.Insets getStableInsets() -> e
    boolean isConsumed() -> h
androidx.core.view.WindowInsetsCompat$Impl28 -> b.e.j.z$g:
    androidx.core.view.WindowInsetsCompat consumeDisplayCutout() -> a
    androidx.core.view.DisplayCutoutCompat getDisplayCutout() -> d
androidx.core.view.WindowInsetsCompat$Impl29 -> b.e.j.z$h:
    androidx.core.view.WindowInsetsCompat inset(int,int,int,int) -> g
androidx.core.view.accessibility.AccessibilityClickableSpanCompat -> b.e.j.a0.a:
    androidx.core.view.accessibility.AccessibilityNodeInfoCompat mNodeInfoCompat -> c
    int mClickableSpanActionId -> d
    int mOriginalClickableSpanId -> b
androidx.core.view.accessibility.AccessibilityNodeInfoCompat -> b.e.j.a0.b:
    android.view.accessibility.AccessibilityNodeInfo mInfo -> a
    int sClickableSpanId -> d
    int mParentVirtualDescendantId -> b
    int mVirtualDescendantId -> c
    boolean isFocused() -> A
    boolean isLongClickable() -> B
    boolean isPassword() -> C
    boolean isScrollable() -> D
    boolean isSelected() -> E
    boolean performAction(int,android.os.Bundle) -> F
    void removeCollectedSpans(android.view.View) -> G
    void setBooleanProperty(int,boolean) -> H
    void setClassName(java.lang.CharSequence) -> I
    void setHeading(boolean) -> J
    void setPaneTitle(java.lang.CharSequence) -> K
    void setScreenReaderFocusable(boolean) -> L
    void setScrollable(boolean) -> M
    android.view.accessibility.AccessibilityNodeInfo unwrap() -> N
    androidx.core.view.accessibility.AccessibilityNodeInfoCompat wrap(android.view.accessibility.AccessibilityNodeInfo) -> O
    void addAction(androidx.core.view.accessibility.AccessibilityNodeInfoCompat$AccessibilityActionCompat) -> a
    void addSpanLocationToExtras(android.text.style.ClickableSpan,android.text.Spanned,int) -> b
    void addSpansToExtras(java.lang.CharSequence,android.view.View) -> c
    void clearExtrasSpans() -> d
    java.util.List extrasIntList(java.lang.String) -> e
    java.util.List getActionList() -> f
    java.lang.String getActionSymbolicName(int) -> g
    int getActions() -> h
androidx.core.view.accessibility.AccessibilityNodeInfoCompat$AccessibilityActionCompat -> b.e.j.a0.b$a:
    androidx.core.view.accessibility.AccessibilityNodeInfoCompat$AccessibilityActionCompat ACTION_SCROLL_UP -> f
    androidx.core.view.accessibility.AccessibilityNodeInfoCompat$AccessibilityActionCompat ACTION_SCROLL_DOWN -> g
    androidx.core.view.accessibility.AccessibilityNodeInfoCompat$AccessibilityActionCompat ACTION_SCROLL_FORWARD -> d
    androidx.core.view.accessibility.AccessibilityNodeInfoCompat$AccessibilityActionCompat ACTION_SCROLL_BACKWARD -> e
    androidx.core.view.accessibility.AccessibilityViewCommand mCommand -> c
    java.lang.Object mAction -> a
    java.lang.Class mViewCommandArgumentClass -> b
    int getId() -> a
    java.lang.CharSequence getLabel() -> b
    boolean perform(android.view.View,android.os.Bundle) -> c
androidx.core.view.accessibility.AccessibilityNodeProviderCompat -> b.e.j.a0.c:
    java.lang.Object mProvider -> a
    java.lang.Object getProvider() -> a
androidx.core.view.accessibility.AccessibilityRecordCompat -> b.e.j.a0.d:
    void setMaxScrollX(android.view.accessibility.AccessibilityRecord,int) -> a
    void setMaxScrollY(android.view.accessibility.AccessibilityRecord,int) -> b
androidx.core.view.accessibility.AccessibilityViewCommand -> b.e.j.a0.e:
    boolean perform(android.view.View,androidx.core.view.accessibility.AccessibilityViewCommand$CommandArguments) -> a
androidx.core.view.accessibility.AccessibilityViewCommand$CommandArguments -> b.e.j.a0.e$a:
    void setBundle(android.os.Bundle) -> a