build/app/outputs/mapping/release/usage.txt
com.thefluttercommunity.flutter_movie.R$layout
com.thefluttercommunity.flutter_movie.R$styleable
com.thefluttercommunity.flutter_movie.R$interpolator
com.thefluttercommunity.flutter_movie.BuildConfig
com.thefluttercommunity.flutter_movie.R$id
com.thefluttercommunity.flutter_movie.R$color
com.thefluttercommunity.flutter_movie.R$menu
com.thefluttercommunity.flutter_movie.R$bool
com.thefluttercommunity.flutter_movie.R
com.thefluttercommunity.flutter_movie.R$string
com.thefluttercommunity.flutter_movie.R$mipmap
com.thefluttercommunity.flutter_movie.R$anim
com.thefluttercommunity.flutter_movie.R$attr
com.thefluttercommunity.flutter_movie.R$drawable
com.thefluttercommunity.flutter_movie.R$xml
com.thefluttercommunity.flutter_movie.R$dimen
com.thefluttercommunity.flutter_movie.R$integer
com.thefluttercommunity.flutter_movie.R$style
...
androidx.appcompat.widget.DrawableUtils:
    private void <init>()
    public static android.graphics.Rect getOpticalBounds(android.graphics.drawable.Drawable)
    private static final java.lang.String TAG
    private static final java.lang.String VECTOR_DRAWABLE_CLAZZ_NAME
okhttp3.internal.connection.RealConnection$1
androidx.core.view.ScrollingView
com.google.common.base.CharMatcher$Any
androidx.core.graphics.BlendModeUtils$1
com.google.common.cache.LocalCache$Segment$1
com.google.common.collect.SortedLists$KeyPresentBehavior$3
com.google.common.io.ByteSource$AsCharSource
androidx.appcompat.R$color:
    private void <init>()
    public static final int abc_background_cache_hint_selector_material_dark
    public static final int abc_background_cache_hint_selector_material_light
    public static final int abc_btn_colored_borderless_text_material
    public static final int abc_btn_colored_text_material
    public static final int abc_color_highlight_material
    public static final int abc_hint_foreground_material_dark
    public static final int abc_hint_foreground_material_light
    public static final int abc_primary_text_disable_only_material_dark
    public static final int abc_primary_text_disable_only_material_light
    public static final int abc_primary_text_material_dark
    public static final int abc_primary_text_material_light
    public static final int abc_search_url_text
    public static final int abc_search_url_text_normal
    public static final int abc_search_url_text_pressed
    public static final int abc_search_url_text_selected
    public static final int abc_secondary_text_material_dark
    public static final int abc_secondary_text_material_light
    public static final int accent_material_dark
    public static final int accent_material_light
    public static final int androidx_core_ripple_material_light
    public static final int androidx_core_secondary_text_default_material_light
    public static final int background_floating_material_dark
    public static final int background_floating_material_light
okhttp3.RequestBody$1
androidx.lifecycle.MediatorLiveData$Source
com.google.common.util.concurrent.SequentialExecutor$QueueWorker
com.google.common.base.Suppliers$ExpiringMemoizingSupplier
org.junit.internal.runners.JUnit4ClassRunner$1
androidx.savedstate.Recreator:
    static final java.lang.String CLASSES_KEY
    static final java.lang.String COMPONENT_KEY
com.google.common.hash.PrimitiveSink
com.google.common.io.Files$FilePredicate
androidx.core.view.accessibility.AccessibilityManagerCompat
androidx.core.view.GestureDetectorCompat$GestureDetectorCompatImplJellybeanMr2
com.google.common.base.Splitter$SplittingIterator
com.google.common.collect.Multimaps$MapMultimap$1
com.google.common.util.concurrent.MoreExecutors$5
io.flutter.embedding.engine.loader.ApplicationInfoLoader:
    public void <init>()
    public static final java.lang.String NETWORK_POLICY_METADATA_KEY
    public static final java.lang.String PUBLIC_AUTOMATICALLY_REGISTER_PLUGINS_METADATA_KEY
com.google.common.cache.CacheBuilder$2
com.google.common.collect.MinMaxPriorityQueue$Heap
com.google.common.util.concurrent.AbstractIdleService$1
com.google.common.collect.ImmutableSortedMultisetFauxverideShim
okhttp3.RealCall$AsyncCall:
    void <init>(okhttp3.RealCall,okhttp3.Callback)
    void reuseCallsPerHostFrom(okhttp3.RealCall$AsyncCall)
    java.lang.String host()
    okhttp3.Request request()
    okhttp3.RealCall get()
com.google.common.collect.CompactHashMap$KeySetView
androidx.customview.R$color
com.google.common.collect.FilteredEntrySetMultimap
com.google.common.util.concurrent.ForwardingFluentFuture
com.google.common.collect.ImmutableSortedMap$1EntrySet
com.google.common.hash.Funnel
com.google.common.reflect.ImmutableTypeToInstanceMap